RIJNDAEL: gcry_rijndael
RIJNDAEL192: gcry_rijndael
RIJNDAEL256: gcry_rijndael
AES128: gcry_rijndael
AES-128: gcry_rijndael
AES-192: gcry_rijndael
AES-256: gcry_rijndael
TIGER192: gcry_tiger
WHIRLPOOL: gcry_whirlpool
SHA224: gcry_sha256
SHA256: gcry_sha256
CAMELLIA128: gcry_camellia
CAMELLIA192: gcry_camellia
CAMELLIA256: gcry_camellia
MD4: gcry_md4
CAST5: gcry_cast5
MD5: gcry_md5
SEED: gcry_seed
SHA1: gcry_sha1
SHA512: gcry_sha512
SHA384: gcry_sha512
BLOWFISH: gcry_blowfish
RFC2268_40: gcry_rfc2268
ARCFOUR: gcry_arcfour
CRC32: gcry_crc
CRC32RFC1510: gcry_crc
CRC24RFC2440: gcry_crc
RIPEMD160: gcry_rmd160
SERPENT128: gcry_serpent
SERPENT192: gcry_serpent
SERPENT256: gcry_serpent
DES: gcry_des
3DES: gcry_des
TWOFISH: gcry_twofish
TWOFISH128: gcry_twofish
AES: gcry_rijndael
AES192: gcry_rijndael
AES256: gcry_rijndael
